<?xml version="1.0" encoding="UTF-8"?>
<!-- Generated by org.testng.reporters.JUnitReportReporter -->
<testsuite name="com.selogerMobile.e2eTests.RunTest" tests="1" time="38.413" ignored="0" failures="0" timestamp="15 Feb 2019 02:12:54 GMT" skipped="0" hostname="DESKTOP-MUJJTQQ" errors="0">
  <testcase name="feature" time="38.413" classname="com.selogerMobile.e2eTests.RunTest"/>
</testsuite> <!-- com.selogerMobile.e2eTests.RunTest -->
