<?xml version="1.0" encoding="UTF-8"?>
<!-- Generated by org.testng.reporters.JUnitReportReporter -->
<testsuite name="SelogerMobile.Authentification" tests="1" time="0.006" ignored="0" failures="0" timestamp="13 fÃ©vr. 2019 18:03:48 GMT" skipped="0" hostname="DESKTOP-MUJJTQQ" errors="0">
  <testcase name="testerAuthentification" time="0.006" classname="SelogerMobile.Authentification"/>
</testsuite> <!-- SelogerMobile.Authentification -->
